<?xml version="1.0" encoding="UTF-8"?>
<testsuite name="thingTest" tests="1" skipped="0" failures="0" errors="0" timestamp="2022-07-12T11:48:29" hostname="Christinas-MacBook-Pro-2.local" time="0.016">
  <properties/>
  <testcase name="do_a_thing()" classname="thingTest" time="0.016"/>
  <system-out><![CDATA[!!!!!SOMETHING
RMMTags: 1234,5647,8790 
]]></system-out>
  <system-err><![CDATA[]]></system-err>
</testsuite>
