<?xml version="1.0" encoding="UTF-8"?>
<testsuite name="thingTest" tests="1" skipped="0" failures="0" errors="0" timestamp="2022-07-13T16:12:00" hostname="Christinas-MacBook-Pro-2.local" time="0.022">
  <properties/>
  <testcase name="do_a_thing()" classname="thingTest" time="0.022"/>
  <system-out><![CDATA[]]></system-out>
  <system-err><![CDATA[]]></system-err>
</testsuite>
