<?xml version="1.0" encoding="UTF-8"?>
<testsuite name="JUnit Jupiter" tests="1" skipped="0" failures="0" errors="0" time="0.059" hostname="Christinas-MacBook-Pro-2.local" timestamp="2022-07-13T17:12:00">
<properties>
<property name="awt.toolkit" value="sun.lwawt.macosx.LWCToolkit"/>
<property name="file.encoding" value="UTF-8"/>
<property name="file.encoding.pkg" value="sun.io"/>
<property name="file.separator" value="/"/>
<property name="gopherProxySet" value="false"/>
<property name="java.awt.graphicsenv" value="sun.awt.CGraphicsEnvironment"/>
<property name="java.awt.printerjob" value="sun.lwawt.macosx.CPrinterJob"/>
<property name="java.class.path" value="/Users/christina/Development/ecw/playplay/build/classes/java/test:/Users/christina/Development/ecw/playplay/build/resources/test:/Users/christina/Development/ecw/playplay/build/classes/java/main:/Users/christina/Development/ecw/playplay/build/resources/main:/Users/christina/.gradle/caches/modules-2/files-2.1/org.junit.platform/junit-platform-launcher/1.8.2/c334fcee82b81311ab5c426ec2d52d467c8d0b28/junit-platform-launcher-1.8.2.jar:/Users/christina/.gradle/caches/modules-2/files-2.1/org.junit.jupiter/junit-jupiter-engine/5.8.2/c598b4328d2f397194d11df3b1648d68d7d990e3/junit-jupiter-engine-5.8.2.jar:/Users/christina/.gradle/caches/modules-2/files-2.1/org.junit.jupiter/junit-jupiter-api/5.8.2/4c21029217adf07e4c0d0c5e192b6bf610c94bdc/junit-jupiter-api-5.8.2.jar:/Users/christina/.gradle/caches/modules-2/files-2.1/org.junit.platform/junit-platform-engine/1.8.2/b737de09f19864bd136805c84df7999a142fec29/junit-platform-engine-1.8.2.jar:/Users/christina/.gradle/caches/modules-2/files-2.1/org.junit.platform/junit-platform-commons/1.8.2/32c8b8617c1342376fd5af2053da6410d8866861/junit-platform-commons-1.8.2.jar:/Users/christina/.gradle/caches/modules-2/files-2.1/org.junit.platform/junit-platform-reporting/1.8.2/287f6cb9b82129223c000e2aa4c784f649b1c9a1/junit-platform-reporting-1.8.2.jar:/Users/christina/.gradle/caches/modules-2/files-2.1/org.opentest4j/opentest4j/1.2.0/28c11eb91f9b6d8e200631d46e20a7f407f2a046/opentest4j-1.2.0.jar"/>
<property name="java.class.version" value="52.0"/>
<property name="java.endorsed.dirs" value="/Users/christina/Library/Java/JavaVirtualMachines/azul-1.8.0_292/Contents/Home/jre/lib/endorsed"/>
<property name="java.ext.dirs" value="/Users/christina/Library/Java/Extensions:/Users/christina/Library/Java/JavaVirtualMachines/azul-1.8.0_292/Contents/Home/jre/lib/ext:/Library/Java/Extensions:/Network/Library/Java/Extensions:/System/Library/Java/Extensions:/usr/lib/java"/>
<property name="java.home" value="/Users/christina/Library/Java/JavaVirtualMachines/azul-1.8.0_292/Contents/Home/jre"/>
<property name="java.io.tmpdir" value="/var/folders/v8/4yn1tdk12msgkf93xxwz88t00000gn/T/"/>
<property name="java.library.path" value="/Users/christina/Library/Java/Extensions:/Library/Java/Extensions:/Network/Library/Java/Extensions:/System/Library/Java/Extensions:/usr/lib/java:."/>
<property name="java.runtime.name" value="OpenJDK Runtime Environment"/>
<property name="java.runtime.version" value="1.8.0_292-b10"/>
<property name="java.specification.name" value="Java Platform API Specification"/>
<property name="java.specification.vendor" value="Oracle Corporation"/>
<property name="java.specification.version" value="1.8"/>
<property name="java.vendor" value="Azul Systems, Inc."/>
<property name="java.vendor.url" value="http://www.azulsystems.com/"/>
<property name="java.vendor.url.bug" value="http://www.azulsystems.com/support/"/>
<property name="java.version" value="1.8.0_292"/>
<property name="java.vm.info" value="mixed mode"/>
<property name="java.vm.name" value="OpenJDK 64-Bit Server VM"/>
<property name="java.vm.specification.name" value="Java Virtual Machine Specification"/>
<property name="java.vm.specification.vendor" value="Oracle Corporation"/>
<property name="java.vm.specification.version" value="1.8"/>
<property name="java.vm.vendor" value="Azul Systems, Inc."/>
<property name="java.vm.version" value="25.292-b10"/>
<property name="jdk.vendor.version" value="Zulu 8.54.0.21-CA-macosx"/>
<property name="line.separator" value="
"/>
<property name="org.gradle.internal.worker.tmpdir" value="/Users/christina/Development/ecw/playplay/build/tmp/test/work"/>
<property name="org.gradle.native" value="false"/>
<property name="org.gradle.test.worker" value="12"/>
<property name="os.arch" value="x86_64"/>
<property name="os.name" value="Mac OS X"/>
<property name="os.version" value="10.16"/>
<property name="path.separator" value=":"/>
<property name="sun.arch.data.model" value="64"/>
<property name="sun.boot.class.path" value="/Users/christina/Library/Java/JavaVirtualMachines/azul-1.8.0_292/Contents/Home/jre/lib/resources.jar:/Users/christina/Library/Java/JavaVirtualMachines/azul-1.8.0_292/Contents/Home/jre/lib/rt.jar:/Users/christina/Library/Java/JavaVirtualMachines/azul-1.8.0_292/Contents/Home/jre/lib/sunrsasign.jar:/Users/christina/Library/Java/JavaVirtualMachines/azul-1.8.0_292/Contents/Home/jre/lib/jsse.jar:/Users/christina/Library/Java/JavaVirtualMachines/azul-1.8.0_292/Contents/Home/jre/lib/jce.jar:/Users/christina/Library/Java/JavaVirtualMachines/azul-1.8.0_292/Contents/Home/jre/lib/charsets.jar:/Users/christina/Library/Java/JavaVirtualMachines/azul-1.8.0_292/Contents/Home/jre/lib/jfr.jar:/Users/christina/Library/Java/JavaVirtualMachines/azul-1.8.0_292/Contents/Home/jre/classes"/>
<property name="sun.boot.library.path" value="/Users/christina/Library/Java/JavaVirtualMachines/azul-1.8.0_292/Contents/Home/jre/lib"/>
<property name="sun.cpu.endian" value="little"/>
<property name="sun.cpu.isalist" value=""/>
<property name="sun.io.unicode.encoding" value="UnicodeBig"/>
<property name="sun.java.command" value="worker.org.gradle.process.internal.worker.GradleWorkerMain 'Gradle Test Executor 12'"/>
<property name="sun.java.launcher" value="SUN_STANDARD"/>
<property name="sun.jnu.encoding" value="UTF-8"/>
<property name="sun.management.compiler" value="HotSpot 64-Bit Tiered Compilers"/>
<property name="sun.os.patch.level" value="unknown"/>
<property name="user.country" value="GB"/>
<property name="user.dir" value="/Users/christina/Development/ecw/playplay"/>
<property name="user.home" value="/Users/christina"/>
<property name="user.language" value="en"/>
<property name="user.name" value="christina"/>
<property name="user.timezone" value="Europe/London"/>
<property name="user.variant" value=""/>
</properties>
<testcase name="do_a_thing()" rmmid="rubbish" classname="thingTest" time="0.023">
<system-out><![CDATA[
unique-id: [engine:junit-jupiter]/[class:thingTest]/[method:do_a_thing()]
display-name: do_a_thing()
]]></system-out>
</testcase>
<system-out><![CDATA[
unique-id: [engine:junit-jupiter]
display-name: JUnit Jupiter
]]></system-out>
</testsuite>
